Started GET "/" for ::1 at 2026-03-13 07:26:37 +0900
  [1m[35m (0.3ms)[0m  [1m[35mCREATE TABLE "schema_migrations" ("version" varchar NOT NULL PRIMARY KEY) /*application='NewsSite'*/[0m
  [1m[35m (0.1ms)[0m  [1m[35mCREATE TABLE "ar_internal_metadata" ("key" varchar NOT NULL PRIMARY KEY, "value" varchar, "created_at" datetime(6) NOT NULL, "updated_at" datetime(6) NOT NULL) /*application='NewsSite'*/[0m
  [1m[36mActiveRecord::SchemaMigration Load (0.1ms)[0m  [1m[34mSELECT "schema_migrations"."version" FROM "schema_migrations" ORDER BY "schema_migrations"."version" ASC /*application='NewsSite'*/[0m
Processing by NewsController#index as */*
Failed to fetch news: uninitialized constant NewsController::Net
  Rendering news/index.html.erb
  Rendered news/index.html.erb (Duration: 0.2ms | GC: 0.0ms)
Completed 200 OK in 14ms (Views: 2.1ms | ActiveRecord: 0.0ms (0 queries, 0 cached) | GC: 0.0ms)


Started GET "/" for ::1 at 2026-03-13 07:26:41 +0900
Processing by NewsController#index as */*
Failed to fetch news: uninitialized constant NewsController::Net
  Rendering news/index.html.erb
  Rendered news/index.html.erb (Duration: 0.0ms | GC: 0.0ms)
Completed 200 OK in 1ms (Views: 0.2ms | ActiveRecord: 0.0ms (0 queries, 0 cached) | GC: 0.0ms)


Started GET "/" for ::1 at 2026-03-13 07:26:49 +0900
Processing by NewsController#index as */*
  Rendering news/index.html.erb
  Rendered news/index.html.erb (Duration: 1.2ms | GC: 0.0ms)
Completed 200 OK in 310ms (Views: 2.1ms | ActiveRecord: 0.0ms (0 queries, 0 cached) | GC: 0.0ms)


Started GET "/" for ::1 at 2026-03-13 07:26:52 +0900
Processing by NewsController#index as */*
  Rendering news/index.html.erb
  Rendered news/index.html.erb (Duration: 0.1ms | GC: 0.0ms)
Completed 200 OK in 170ms (Views: 0.5ms | ActiveRecord: 0.0ms (0 queries, 0 cached) | GC: 0.0ms)


Started GET "/" for ::1 at 2026-03-13 07:33:49 +0900
Processing by NewsController#index as HTML
  Rendering news/index.html.erb
  Rendered news/index.html.erb (Duration: 2.6ms | GC: 0.0ms)
Completed 200 OK in 111ms (Views: 4.5ms | ActiveRecord: 0.0ms (0 queries, 0 cached) | GC: 0.0ms)


Started GET "/favicon.ico" for ::1 at 2026-03-13 07:33:50 +0900
  
ActionController::RoutingError (No route matches [GET] "/favicon.ico"):
  
